../../../tests/errors/test-error-007.slax:3: unexpected input: '{'; expected valid top-level statement
../../../tests/errors/test-error-007.slax:5: error recovery ignores input until this point before '}': 
../../../tests/errors/test-error-007.slax:7: unexpected input: '{'; expected valid XPath expression
../../../tests/errors/test-error-007.slax:9: error recovery ignores input until this point before '}': 
../../../tests/errors/test-error-007.slax:12: unexpected input: semi-colon (';'); expected valid XPath expression
../../../tests/errors/test-error-007.slax:14: unexpected input: 'match'; expected valid statement
../../../tests/errors/test-error-007.slax:19: unexpected end-of-file; open element (<one>) on line 17
../../../tests/errors/test-error-007.slax: 5 errors detected during parsing
slaxproc: cannot parse: '../../../tests/errors/test-error-007.slax'
